2013-10-17 14:32:14,512 - Log4JLogChute initialized using file 'velocity.log'
2013-10-17 14:32:14,512 - Starting Apache Velocity v1.6 (compiled: 2008-11-24 15:58:18)
2013-10-17 14:32:14,512 - Default Properties File: org\apache\velocity\runtime\defaults\velocity.properties
2013-10-17 14:32:14,512 - Trying to use logger class org.apache.velocity.runtime.log.AvalonLogChute
2013-10-17 14:32:14,512 - Target log system for org.apache.velocity.runtime.log.AvalonLogChute is not available (java.lang.NoClassDefFoundError: org/apache/log/format/Formatter).  Falling back to next log system...
2013-10-17 14:32:14,512 - Trying to use logger class org.apache.velocity.runtime.log.Log4JLogChute
2013-10-17 14:32:14,512 - Using logger class org.apache.velocity.runtime.log.Log4JLogChute
2013-10-17 14:32:14,515 - ResourceLoader instantiated: org.apache.velocity.runtime.resource.loader.ClasspathResourceLoader
2013-10-17 14:32:14,527 - ResourceCache: initialized (class org.apache.velocity.runtime.resource.ResourceCacheImpl) with class java.util.Collections$SynchronizedMap cache map.
2013-10-17 14:32:14,528 - Loaded System Directive: org.apache.velocity.runtime.directive.Define
2013-10-17 14:32:14,529 - Loaded System Directive: org.apache.velocity.runtime.directive.Break
2013-10-17 14:32:14,530 - Loaded System Directive: org.apache.velocity.runtime.directive.Evaluate
2013-10-17 14:32:14,530 - Loaded System Directive: org.apache.velocity.runtime.directive.Literal
2013-10-17 14:32:14,531 - Loaded System Directive: org.apache.velocity.runtime.directive.Macro
2013-10-17 14:32:14,533 - Loaded System Directive: org.apache.velocity.runtime.directive.Parse
2013-10-17 14:32:14,534 - Loaded System Directive: org.apache.velocity.runtime.directive.Include
2013-10-17 14:32:14,535 - Loaded System Directive: org.apache.velocity.runtime.directive.Foreach
2013-10-17 14:32:14,554 - Created '20' parsers.
2013-10-17 14:32:14,561 - Velocimacro : "velocimacro.library" is not set.  Trying default library: VM_global_library.vm
2013-10-17 14:32:14,561 - Could not load resource 'VM_global_library.vm' from ResourceLoader org.apache.velocity.runtime.resource.loader.ClasspathResourceLoader: 
org.apache.velocity.exception.ResourceNotFoundException: ClasspathResourceLoader Error: cannot find resource VM_global_library.vm
	at org.apache.velocity.runtime.resource.loader.ClasspathResourceLoader.getResourceStream(ClasspathResourceLoader.java:131)
	at org.apache.velocity.runtime.resource.loader.ResourceLoader.resourceExists(ResourceLoader.java:224)
	at org.apache.velocity.runtime.resource.ResourceManagerImpl.getLoaderNameForResource(ResourceManagerImpl.java:617)
	at org.apache.velocity.runtime.RuntimeInstance.getLoaderNameForResource(RuntimeInstance.java:1464)
	at org.apache.velocity.runtime.VelocimacroFactory.initVelocimacro(VelocimacroFactory.java:159)
	at org.apache.velocity.runtime.RuntimeInstance.init(RuntimeInstance.java:261)
	at org.apache.velocity.runtime.RuntimeSingleton.init(RuntimeSingleton.java:114)
	at org.apache.velocity.app.Velocity.init(Velocity.java:79)
	at com.homefellas.ws.core.AbstractTestWebService.afterClass(AbstractTestWebService.java:146)
	at sun.reflect.NativeMethodAccessorImpl.invoke0(Native Method)
	at sun.reflect.NativeMethodAccessorImpl.invoke(NativeMethodAccessorImpl.java:39)
	at sun.reflect.DelegatingMethodAccessorImpl.invoke(DelegatingMethodAccessorImpl.java:25)
	at java.lang.reflect.Method.invoke(Method.java:597)
	at org.junit.runners.model.FrameworkMethod$1.runReflectiveCall(FrameworkMethod.java:44)
	at org.junit.internal.runners.model.ReflectiveCallable.run(ReflectiveCallable.java:15)
	at org.junit.runners.model.FrameworkMethod.invokeExplosively(FrameworkMethod.java:41)
	at org.junit.internal.runners.statements.RunAfters.evaluate(RunAfters.java:37)
	at org.junit.runners.ParentRunner.run(ParentRunner.java:236)
	at org.eclipse.jdt.internal.junit4.runner.JUnit4TestReference.run(JUnit4TestReference.java:50)
	at org.eclipse.jdt.internal.junit.runner.TestExecution.run(TestExecution.java:38)
	at org.eclipse.jdt.internal.junit.runner.RemoteTestRunner.runTests(RemoteTestRunner.java:467)
	at org.eclipse.jdt.internal.junit.runner.RemoteTestRunner.runTests(RemoteTestRunner.java:683)
	at org.eclipse.jdt.internal.junit.runner.RemoteTestRunner.run(RemoteTestRunner.java:390)
	at org.eclipse.jdt.internal.junit.runner.RemoteTestRunner.main(RemoteTestRunner.java:197)
2013-10-17 14:32:14,562 - Velocimacro : Default library not found.
2013-10-17 14:32:14,562 - Velocimacro : allowInline = true : VMs can be defined inline in templates
2013-10-17 14:32:14,562 - Velocimacro : allowInlineToOverride = false : VMs defined inline may NOT replace previous VM definitions
2013-10-17 14:32:14,562 - Velocimacro : allowInlineLocal = false : VMs defined inline will be global in scope if allowed.
2013-10-17 14:32:14,562 - Velocimacro : autoload off : VM system will not automatically reload global library macros
2013-10-17 14:32:14,581 - ResourceManager : found com/homefellas/docs/templates/wsTestTemplate.vm with loader org.apache.velocity.runtime.resource.loader.ClasspathResourceLoader
2013-10-17 14:32:14,590 - RHS of #set statement is null. Context will not be modified. com/homefellas/docs/templates/wsTestTemplate.vm[line 110, column 41]
2013-10-17 14:32:14,591 - RHS of #set statement is null. Context will not be modified. com/homefellas/docs/templates/wsTestTemplate.vm[line 110, column 41]
2013-10-17 14:33:54,741 - Log4JLogChute initialized using file 'velocity.log'
2013-10-17 14:33:54,741 - Starting Apache Velocity v1.6 (compiled: 2008-11-24 15:58:18)
2013-10-17 14:33:54,741 - Default Properties File: org\apache\velocity\runtime\defaults\velocity.properties
2013-10-17 14:33:54,741 - Trying to use logger class org.apache.velocity.runtime.log.AvalonLogChute
2013-10-17 14:33:54,741 - Target log system for org.apache.velocity.runtime.log.AvalonLogChute is not available (java.lang.NoClassDefFoundError: org/apache/log/format/Formatter).  Falling back to next log system...
2013-10-17 14:33:54,741 - Trying to use logger class org.apache.velocity.runtime.log.Log4JLogChute
2013-10-17 14:33:54,741 - Using logger class org.apache.velocity.runtime.log.Log4JLogChute
2013-10-17 14:33:54,745 - ResourceLoader instantiated: org.apache.velocity.runtime.resource.loader.ClasspathResourceLoader
2013-10-17 14:33:54,755 - ResourceCache: initialized (class org.apache.velocity.runtime.resource.ResourceCacheImpl) with class java.util.Collections$SynchronizedMap cache map.
2013-10-17 14:33:54,756 - Loaded System Directive: org.apache.velocity.runtime.directive.Define
2013-10-17 14:33:54,757 - Loaded System Directive: org.apache.velocity.runtime.directive.Break
2013-10-17 14:33:54,758 - Loaded System Directive: org.apache.velocity.runtime.directive.Evaluate
2013-10-17 14:33:54,758 - Loaded System Directive: org.apache.velocity.runtime.directive.Literal
2013-10-17 14:33:54,759 - Loaded System Directive: org.apache.velocity.runtime.directive.Macro
2013-10-17 14:33:54,761 - Loaded System Directive: org.apache.velocity.runtime.directive.Parse
2013-10-17 14:33:54,762 - Loaded System Directive: org.apache.velocity.runtime.directive.Include
2013-10-17 14:33:54,762 - Loaded System Directive: org.apache.velocity.runtime.directive.Foreach
2013-10-17 14:33:54,780 - Created '20' parsers.
2013-10-17 14:33:54,786 - Velocimacro : "velocimacro.library" is not set.  Trying default library: VM_global_library.vm
2013-10-17 14:33:54,787 - Could not load resource 'VM_global_library.vm' from ResourceLoader org.apache.velocity.runtime.resource.loader.ClasspathResourceLoader: 
org.apache.velocity.exception.ResourceNotFoundException: ClasspathResourceLoader Error: cannot find resource VM_global_library.vm
	at org.apache.velocity.runtime.resource.loader.ClasspathResourceLoader.getResourceStream(ClasspathResourceLoader.java:131)
	at org.apache.velocity.runtime.resource.loader.ResourceLoader.resourceExists(ResourceLoader.java:224)
	at org.apache.velocity.runtime.resource.ResourceManagerImpl.getLoaderNameForResource(ResourceManagerImpl.java:617)
	at org.apache.velocity.runtime.RuntimeInstance.getLoaderNameForResource(RuntimeInstance.java:1464)
	at org.apache.velocity.runtime.VelocimacroFactory.initVelocimacro(VelocimacroFactory.java:159)
	at org.apache.velocity.runtime.RuntimeInstance.init(RuntimeInstance.java:261)
	at org.apache.velocity.runtime.RuntimeSingleton.init(RuntimeSingleton.java:114)
	at org.apache.velocity.app.Velocity.init(Velocity.java:79)
	at com.homefellas.ws.core.AbstractTestWebService.afterClass(AbstractTestWebService.java:146)
	at sun.reflect.NativeMethodAccessorImpl.invoke0(Native Method)
	at sun.reflect.NativeMethodAccessorImpl.invoke(NativeMethodAccessorImpl.java:39)
	at sun.reflect.DelegatingMethodAccessorImpl.invoke(DelegatingMethodAccessorImpl.java:25)
	at java.lang.reflect.Method.invoke(Method.java:597)
	at org.junit.runners.model.FrameworkMethod$1.runReflectiveCall(FrameworkMethod.java:44)
	at org.junit.internal.runners.model.ReflectiveCallable.run(ReflectiveCallable.java:15)
	at org.junit.runners.model.FrameworkMethod.invokeExplosively(FrameworkMethod.java:41)
	at org.junit.internal.runners.statements.RunAfters.evaluate(RunAfters.java:37)
	at org.junit.runners.ParentRunner.run(ParentRunner.java:236)
	at org.eclipse.jdt.internal.junit4.runner.JUnit4TestReference.run(JUnit4TestReference.java:50)
	at org.eclipse.jdt.internal.junit.runner.TestExecution.run(TestExecution.java:38)
	at org.eclipse.jdt.internal.junit.runner.RemoteTestRunner.runTests(RemoteTestRunner.java:467)
	at org.eclipse.jdt.internal.junit.runner.RemoteTestRunner.runTests(RemoteTestRunner.java:683)
	at org.eclipse.jdt.internal.junit.runner.RemoteTestRunner.run(RemoteTestRunner.java:390)
	at org.eclipse.jdt.internal.junit.runner.RemoteTestRunner.main(RemoteTestRunner.java:197)
2013-10-17 14:33:54,787 - Velocimacro : Default library not found.
2013-10-17 14:33:54,787 - Velocimacro : allowInline = true : VMs can be defined inline in templates
2013-10-17 14:33:54,787 - Velocimacro : allowInlineToOverride = false : VMs defined inline may NOT replace previous VM definitions
2013-10-17 14:33:54,787 - Velocimacro : allowInlineLocal = false : VMs defined inline will be global in scope if allowed.
2013-10-17 14:33:54,787 - Velocimacro : autoload off : VM system will not automatically reload global library macros
2013-10-17 14:33:54,806 - ResourceManager : found com/homefellas/docs/templates/wsTestTemplate.vm with loader org.apache.velocity.runtime.resource.loader.ClasspathResourceLoader
2013-10-17 14:33:54,817 - RHS of #set statement is null. Context will not be modified. com/homefellas/docs/templates/wsTestTemplate.vm[line 110, column 41]
2013-10-17 14:33:54,817 - RHS of #set statement is null. Context will not be modified. com/homefellas/docs/templates/wsTestTemplate.vm[line 110, column 41]
2013-10-17 14:48:37,023 - Log4JLogChute initialized using file 'velocity.log'
2013-10-17 14:48:37,023 - Starting Apache Velocity v1.6 (compiled: 2008-11-24 15:58:18)
2013-10-17 14:48:37,023 - Default Properties File: org\apache\velocity\runtime\defaults\velocity.properties
2013-10-17 14:48:37,023 - Trying to use logger class org.apache.velocity.runtime.log.AvalonLogChute
2013-10-17 14:48:37,023 - Target log system for org.apache.velocity.runtime.log.AvalonLogChute is not available (java.lang.NoClassDefFoundError: org/apache/log/format/Formatter).  Falling back to next log system...
2013-10-17 14:48:37,023 - Trying to use logger class org.apache.velocity.runtime.log.Log4JLogChute
2013-10-17 14:48:37,023 - Using logger class org.apache.velocity.runtime.log.Log4JLogChute
2013-10-17 14:48:37,024 - ResourceLoader instantiated: org.apache.velocity.runtime.resource.loader.ClasspathResourceLoader
2013-10-17 14:48:37,024 - ResourceCache: initialized (class org.apache.velocity.runtime.resource.ResourceCacheImpl) with class java.util.Collections$SynchronizedMap cache map.
2013-10-17 14:48:37,024 - Loaded System Directive: org.apache.velocity.runtime.directive.Define
2013-10-17 14:48:37,024 - Loaded System Directive: org.apache.velocity.runtime.directive.Break
2013-10-17 14:48:37,024 - Loaded System Directive: org.apache.velocity.runtime.directive.Evaluate
2013-10-17 14:48:37,025 - Loaded System Directive: org.apache.velocity.runtime.directive.Literal
2013-10-17 14:48:37,025 - Loaded System Directive: org.apache.velocity.runtime.directive.Macro
2013-10-17 14:48:37,025 - Loaded System Directive: org.apache.velocity.runtime.directive.Parse
2013-10-17 14:48:37,025 - Loaded System Directive: org.apache.velocity.runtime.directive.Include
2013-10-17 14:48:37,025 - Loaded System Directive: org.apache.velocity.runtime.directive.Foreach
2013-10-17 14:48:37,026 - Created '20' parsers.
2013-10-17 14:48:37,026 - Velocimacro : "velocimacro.library" is not set.  Trying default library: VM_global_library.vm
2013-10-17 14:48:37,028 - Could not load resource 'VM_global_library.vm' from ResourceLoader org.apache.velocity.runtime.resource.loader.ClasspathResourceLoader: 
org.apache.velocity.exception.ResourceNotFoundException: ClasspathResourceLoader Error: cannot find resource VM_global_library.vm
	at org.apache.velocity.runtime.resource.loader.ClasspathResourceLoader.getResourceStream(ClasspathResourceLoader.java:131)
	at org.apache.velocity.runtime.resource.loader.ResourceLoader.resourceExists(ResourceLoader.java:224)
	at org.apache.velocity.runtime.resource.ResourceManagerImpl.getLoaderNameForResource(ResourceManagerImpl.java:617)
	at org.apache.velocity.runtime.RuntimeInstance.getLoaderNameForResource(RuntimeInstance.java:1464)
	at org.apache.velocity.runtime.VelocimacroFactory.initVelocimacro(VelocimacroFactory.java:159)
	at org.apache.velocity.runtime.RuntimeInstance.init(RuntimeInstance.java:261)
	at org.apache.velocity.runtime.RuntimeSingleton.init(RuntimeSingleton.java:114)
	at org.apache.velocity.app.Velocity.init(Velocity.java:79)
	at com.homefellas.ws.core.AbstractTestWebService.afterClass(AbstractTestWebService.java:146)
	at sun.reflect.NativeMethodAccessorImpl.invoke0(Native Method)
	at sun.reflect.NativeMethodAccessorImpl.invoke(NativeMethodAccessorImpl.java:39)
	at sun.reflect.DelegatingMethodAccessorImpl.invoke(DelegatingMethodAccessorImpl.java:25)
	at java.lang.reflect.Method.invoke(Method.java:597)
	at org.junit.runners.model.FrameworkMethod$1.runReflectiveCall(FrameworkMethod.java:44)
	at org.junit.internal.runners.model.ReflectiveCallable.run(ReflectiveCallable.java:15)
	at org.junit.runners.model.FrameworkMethod.invokeExplosively(FrameworkMethod.java:41)
	at org.junit.internal.runners.statements.RunAfters.evaluate(RunAfters.java:37)
	at org.junit.runners.ParentRunner.run(ParentRunner.java:236)
	at org.eclipse.jdt.internal.junit4.runner.JUnit4TestReference.run(JUnit4TestReference.java:50)
	at org.eclipse.jdt.internal.junit.runner.TestExecution.run(TestExecution.java:38)
	at org.eclipse.jdt.internal.junit.runner.RemoteTestRunner.runTests(RemoteTestRunner.java:467)
	at org.eclipse.jdt.internal.junit.runner.RemoteTestRunner.runTests(RemoteTestRunner.java:683)
	at org.eclipse.jdt.internal.junit.runner.RemoteTestRunner.run(RemoteTestRunner.java:390)
	at org.eclipse.jdt.internal.junit.runner.RemoteTestRunner.main(RemoteTestRunner.java:197)
2013-10-17 14:48:37,029 - Velocimacro : Default library not found.
2013-10-17 14:48:37,029 - Velocimacro : allowInline = true : VMs can be defined inline in templates
2013-10-17 14:48:37,029 - Velocimacro : allowInlineToOverride = false : VMs defined inline may NOT replace previous VM definitions
2013-10-17 14:48:37,029 - Velocimacro : allowInlineLocal = false : VMs defined inline will be global in scope if allowed.
2013-10-17 14:48:37,029 - Velocimacro : autoload off : VM system will not automatically reload global library macros
2013-10-17 14:48:37,052 - ResourceManager : found com/homefellas/docs/templates/wsTestTemplate.vm with loader org.apache.velocity.runtime.resource.loader.ClasspathResourceLoader
